<?xml version="1.0" encoding="UTF-8"?>
<!-- Generated by org.testng.reporters.JUnitReportReporter -->
<testsuite hostname="kathia" failures="0" tests="3" name="Testing_log.NewTest_logger" time="5.633" errors="0" timestamp="2024-03-06T11:43:18 EST" skipped="0">
  <testcase classname="Testing_log.NewTest_logger" name="f" time="0.006"/>
  <testcase classname="Testing_log.NewTest_logger" name="verify_Homepage" time="5.539"/>
  <testcase classname="Testing_log.NewTest_logger" name="login" time="0.088"/>
</testsuite> <!-- Testing_log.NewTest_logger -->
