<?xml version="1.0" encoding="UTF-8"?>
<!-- Generated by org.testng.reporters.JUnitReportReporter -->
<testsuite hostname="kathia" failures="0" tests="3" name="Testing_log.NewTest_logger" time="4.515" errors="0" timestamp="2024-03-07T16:26:01 EST" skipped="0">
  <testcase classname="Testing_log.NewTest_logger" name="verify_Homepage" time="4.498"/>
  <testcase classname="Testing_log.NewTest_logger" name="f" time="0.008"/>
  <testcase classname="Testing_log.NewTest_logger" name="login" time="0.009"/>
</testsuite> <!-- Testing_log.NewTest_logger -->
