<?xml version="1.0" encoding="UTF-8"?>
<!-- Generated by org.testng.reporters.JUnitReportReporter -->
<testsuite hostname="kathia" failures="0" tests="1" name="restassured.Get" time="1.498" errors="0" timestamp="2024-03-14T19:09:26 EDT" skipped="0">
  <testcase classname="restassured.Get" name="f" time="1.498"/>
</testsuite> <!-- restassured.Get -->
